[2026-05-27T20:31:31.426Z] MEDIUM: Failed to fetch
  URL: http://localhost:3000/login
  Context: {"url":"/api/login","method":"POST"}
  Stack: TypeError: Failed to fetch
    at makeRequest (http://localhost:3000/_next/static/chunks/_0.~zkgu._.js:70:32)
    at http://localhost:3000/_next/static/chunks/_0.~zkgu._.js:125:33
    at retryRequest (http://localhost:3000/_next/static/chunks/_0.~zkgu._.js:110:26)
    at Object.login (http://localhost:3000/_next/static/chunks/_0.~zkgu._.js:125:16)
    at handleSubmit (http://localhost:3000/_next/static/chunks/_0.~zkgu._.js:318:166)
    at executeDispatch (http://localhost:3000/_next/static/chunks/node_modules_next_dist_compiled_react-dom_058-ah~._.js:10329:13)
    at runWithFiberInDEV (http://localhost:3000/_next/static/chunks/node_modules_next_dist_compiled_react-dom_058-ah~._.js:965:74)
    at processDispatchQueue (http://localhost:3000/_next/static/chunks/node_modules_next_dist_compiled_react-dom_058-ah~._.js:10355:41)
    at http://localhost:3000/_next/static/chunks/node_modules_next_dist_compiled_react-dom_058-ah~._.js:10633:13
    at batchedUpdates$1 (http://localhost:3000/_next/static/chunks/node_modules_next_dist_compiled_react-dom_058-ah~._.js:2253:44)
    at dispatchEventForPluginEventSystem (http://localhost:3000/_next/static/chunks/node_modules_next_dist_compiled_react-dom_058-ah~._.js:10431:9)
    at dispatchEvent (http://localhost:3000/_next/static/chunks/node_modules_next_dist_compiled_react-dom_058-ah~._.js:13002:37)
    at dispatchDiscreteEvent (http://localhost:3000/_next/static/chunks/node_modules_next_dist_compiled_react-dom_058-ah~._.js:12984:64)

[2026-05-27T20:31:54.271Z] MEDIUM: Failed to fetch
  URL: http://localhost:3000/login
  Context: {"url":"/api/login","method":"POST"}
  Stack: TypeError: Failed to fetch
    at makeRequest (http://localhost:3000/_next/static/chunks/_0.~zkgu._.js:70:32)
    at http://localhost:3000/_next/static/chunks/_0.~zkgu._.js:125:33
    at retryRequest (http://localhost:3000/_next/static/chunks/_0.~zkgu._.js:110:26)
    at async handleSubmit (http://localhost:3000/_next/static/chunks/_0.~zkgu._.js:318:30)

[2026-05-27T20:31:54.272Z] MEDIUM: Failed to fetch
  URL: http://localhost:3000/login
  Context: {"action":"login","email":"admin@maneb.com"}
  Stack: TypeError: Failed to fetch
    at makeRequest (http://localhost:3000/_next/static/chunks/_0.~zkgu._.js:70:32)
    at http://localhost:3000/_next/static/chunks/_0.~zkgu._.js:125:33
    at retryRequest (http://localhost:3000/_next/static/chunks/_0.~zkgu._.js:110:26)
    at async handleSubmit (http://localhost:3000/_next/static/chunks/_0.~zkgu._.js:318:30)

[2026-05-27T20:34:39.118Z] HIGH: EventSource connection error
  URL: http://localhost:3000/adminDashBoard
  Context: {"feature":"useMetricsStream","url":"http://10.10.20.52:3000/metrics/stream"}
  Stack: Error: EventSource connection error
    at useMetricsStream.useEffect.connect (http://localhost:3000/_next/static/chunks/app_0egs1cf._.js:264:46)

[2026-05-27T20:35:02.188Z] HIGH: EventSource connection error
  URL: http://localhost:3000/adminDashBoard
  Context: {"feature":"useMetricsStream","url":"http://10.10.20.52:3000/metrics/stream"}
  Stack: Error: EventSource connection error
    at useMetricsStream.useEffect.connect (http://localhost:3000/_next/static/chunks/app_0egs1cf._.js:264:46)

[2026-05-27T20:35:27.284Z] HIGH: EventSource connection error
  URL: http://localhost:3000/adminDashBoard
  Context: {"feature":"useMetricsStream","url":"http://10.10.20.52:3000/metrics/stream"}
  Stack: Error: EventSource connection error
    at useMetricsStream.useEffect.connect (http://localhost:3000/_next/static/chunks/app_0egs1cf._.js:264:46)

[2026-05-27T20:35:57.283Z] HIGH: EventSource connection error
  URL: http://localhost:3000/adminDashBoard
  Context: {"feature":"useMetricsStream","url":"http://10.10.20.52:3000/metrics/stream"}
  Stack: Error: EventSource connection error
    at useMetricsStream.useEffect.connect (http://localhost:3000/_next/static/chunks/app_0egs1cf._.js:264:46)

[2026-05-27T20:36:35.283Z] HIGH: EventSource connection error
  URL: http://localhost:3000/adminDashBoard
  Context: {"feature":"useMetricsStream","url":"http://10.10.20.52:3000/metrics/stream"}
  Stack: Error: EventSource connection error
    at useMetricsStream.useEffect.connect (http://localhost:3000/_next/static/chunks/app_0egs1cf._.js:264:46)

[2026-05-27T20:36:35.285Z] HIGH: Max reconnection attempts reached
  URL: http://localhost:3000/adminDashBoard
  Context: {"feature":"useMetricsStream","url":"http://10.10.20.52:3000/metrics/stream","attempts":5}
  Stack: Error: Max reconnection attempts reached
    at useMetricsStream.useEffect.connect (http://localhost:3000/_next/static/chunks/app_0egs1cf._.js:280:50)

[2026-05-27T21:06:39.042Z] HIGH: EventSource connection error
  URL: http://localhost:3000/adminDashBoard
  Context: {"feature":"useMetricsStream","url":"http://10.10.20.52:3000/metrics/stream"}
  Stack: Error: EventSource connection error
    at useMetricsStream.useEffect.connect (http://localhost:3000/_next/static/chunks/app_0egs1cf._.js:264:46)

[2026-05-27T21:07:02.278Z] HIGH: EventSource connection error
  URL: http://localhost:3000/adminDashBoard
  Context: {"feature":"useMetricsStream","url":"http://10.10.20.52:3000/metrics/stream"}
  Stack: Error: EventSource connection error
    at useMetricsStream.useEffect.connect (http://localhost:3000/_next/static/chunks/app_0egs1cf._.js:264:46)

[2026-05-27T21:07:28.302Z] HIGH: EventSource connection error
  URL: http://localhost:3000/adminDashBoard
  Context: {"feature":"useMetricsStream","url":"http://10.10.20.52:3000/metrics/stream"}
  Stack: Error: EventSource connection error
    at useMetricsStream.useEffect.connect (http://localhost:3000/_next/static/chunks/app_0egs1cf._.js:264:46)

[2026-05-27T21:07:57.368Z] HIGH: EventSource connection error
  URL: http://localhost:3000/adminDashBoard
  Context: {"feature":"useMetricsStream","url":"http://10.10.20.52:3000/metrics/stream"}
  Stack: Error: EventSource connection error
    at useMetricsStream.useEffect.connect (http://localhost:3000/_next/static/chunks/app_0egs1cf._.js:264:46)

[2026-05-27T21:08:34.423Z] HIGH: EventSource connection error
  URL: http://localhost:3000/adminDashBoard
  Context: {"feature":"useMetricsStream","url":"http://10.10.20.52:3000/metrics/stream"}
  Stack: Error: EventSource connection error
    at useMetricsStream.useEffect.connect (http://localhost:3000/_next/static/chunks/app_0egs1cf._.js:264:46)

[2026-05-27T21:08:34.424Z] HIGH: Max reconnection attempts reached
  URL: http://localhost:3000/adminDashBoard
  Context: {"feature":"useMetricsStream","url":"http://10.10.20.52:3000/metrics/stream","attempts":5}
  Stack: Error: Max reconnection attempts reached
    at useMetricsStream.useEffect.connect (http://localhost:3000/_next/static/chunks/app_0egs1cf._.js:280:50)

[2026-05-27T21:42:43.688Z] HIGH: EventSource connection error
  URL: http://localhost:3000/adminDashBoard
  Context: {"feature":"useMetricsStream","url":"http://10.10.20.52:3000/api/v3/metrics/stream"}
  Stack: Error: EventSource connection error
    at useMetricsStream.useEffect.connect (http://localhost:3000/_next/static/chunks/app_0egs1cf._.js:264:46)

[2026-05-27T21:42:52.163Z] HIGH: EventSource connection error
  URL: http://localhost:3000/adminDashBoard
  Context: {"feature":"useMetricsStream","url":"http://10.10.20.52:3000/api/v1/metrics/stream"}
  Stack: Error: EventSource connection error
    at useMetricsStream.useEffect.connect (http://localhost:3000/_next/static/chunks/app_0egs1cf._.js:264:46)

[2026-05-27T21:42:55.846Z] HIGH: EventSource connection error
  URL: http://localhost:3000/adminDashBoard
  Context: {"feature":"useMetricsStream","url":"http://10.10.20.52:3000/api/v1/metrics/stream"}
  Stack: Error: EventSource connection error
    at useMetricsStream.useEffect.connect (http://localhost:3000/_next/static/chunks/app_0egs1cf._.js:264:46)

[2026-05-27T21:42:59.947Z] HIGH: EventSource connection error
  URL: http://localhost:3000/adminDashBoard
  Context: {"feature":"useMetricsStream","url":"http://10.10.20.52:3000/api/v1/metrics/stream"}
  Stack: Error: EventSource connection error
    at useMetricsStream.useEffect.connect (http://localhost:3000/_next/static/chunks/app_0egs1cf._.js:264:46)

[2026-05-27T21:43:15.230Z] HIGH: EventSource connection error
  URL: http://localhost:3000/adminDashBoard
  Context: {"feature":"useMetricsStream","url":"http://10.10.20.52:3000/api/v1/metrics/stream"}
  Stack: Error: EventSource connection error
    at useMetricsStream.useEffect.connect (http://localhost:3000/_next/static/chunks/app_0egs1cf._.js:264:46)

[2026-05-27T21:43:20.889Z] HIGH: EventSource connection error
  URL: http://localhost:3000/adminDashBoard
  Context: {"feature":"useMetricsStream","url":"http://10.10.20.52:3000/api/v3/metrics/stream"}
  Stack: Error: EventSource connection error
    at useMetricsStream.useEffect.connect (http://localhost:3000/_next/static/chunks/app_0egs1cf._.js:264:46)

[2026-05-27T21:43:28.985Z] HIGH: EventSource connection error
  URL: http://localhost:3000/adminDashBoard
  Context: {"feature":"useMetricsStream","url":"http://10.10.20.52:3000/api/v3/metrics/stream"}
  Stack: Error: EventSource connection error
    at useMetricsStream.useEffect.connect (http://localhost:3000/_next/static/chunks/app_0egs1cf._.js:264:46)

[2026-05-27T21:43:29.354Z] HIGH: EventSource connection error
  URL: http://localhost:3000/adminDashBoard
  Context: {"feature":"useMetricsStream","url":"http://10.10.20.52:3000/api/v1/metrics/stream"}
  Stack: Error: EventSource connection error
    at useMetricsStream.useEffect.connect (http://localhost:3000/_next/static/chunks/app_0egs1cf._.js:264:46)

[2026-05-27T21:43:36.239Z] HIGH: EventSource connection error
  URL: http://localhost:3000/adminDashBoard
  Context: {"feature":"useMetricsStream","url":"http://10.10.20.52:3000/api/v3/metrics/stream"}
  Stack: Error: EventSource connection error
    at useMetricsStream.useEffect.connect (http://localhost:3000/_next/static/chunks/app_0egs1cf._.js:264:46)

[2026-05-27T21:43:43.954Z] HIGH: EventSource connection error
  URL: http://localhost:3000/adminDashBoard
  Context: {"feature":"useMetricsStream","url":"http://10.10.20.52:3000/api/v3/metrics/stream"}
  Stack: Error: EventSource connection error
    at useMetricsStream.useEffect.connect (http://localhost:3000/_next/static/chunks/app_0egs1cf._.js:264:46)

[2026-05-27T21:43:46.412Z] HIGH: EventSource connection error
  URL: http://localhost:3000/adminDashBoard
  Context: {"feature":"useMetricsStream","url":"http://10.10.20.52:3000/api/v3/metrics/stream"}
  Stack: Error: EventSource connection error
    at useMetricsStream.useEffect.connect (http://localhost:3000/_next/static/chunks/app_0egs1cf._.js:264:46)

[2026-05-27T21:43:52.436Z] HIGH: EventSource connection error
  URL: http://localhost:3000/adminDashBoard
  Context: {"feature":"useMetricsStream","url":"http://10.10.20.52:3000/api/v3/metrics/stream"}
  Stack: Error: EventSource connection error
    at useMetricsStream.useEffect.connect (http://localhost:3000/_next/static/chunks/app_0egs1cf._.js:264:46)

[2026-05-27T21:44:03.247Z] HIGH: EventSource connection error
  URL: http://localhost:3000/adminDashBoard
  Context: {"feature":"useMetricsStream","url":"http://10.10.20.52:3000/api/v3/metrics/stream"}
  Stack: Error: EventSource connection error
    at useMetricsStream.useEffect.connect (http://localhost:3000/_next/static/chunks/app_0egs1cf._.js:264:46)

[2026-05-27T21:44:22.295Z] HIGH: EventSource connection error
  URL: http://localhost:3000/adminDashBoard
  Context: {"feature":"useMetricsStream","url":"http://10.10.20.52:3000/api/v3/metrics/stream"}
  Stack: Error: EventSource connection error
    at useMetricsStream.useEffect.connect (http://localhost:3000/_next/static/chunks/app_0egs1cf._.js:264:46)

[2026-05-27T21:44:22.295Z] HIGH: Max reconnection attempts reached
  URL: http://localhost:3000/adminDashBoard
  Context: {"feature":"useMetricsStream","url":"http://10.10.20.52:3000/api/v3/metrics/stream","attempts":5}
  Stack: Error: Max reconnection attempts reached
    at useMetricsStream.useEffect.connect (http://localhost:3000/_next/static/chunks/app_0egs1cf._.js:280:50)

[2026-05-27T21:50:30.127Z] HIGH: EventSource connection error
  URL: http://localhost:3000/v1/dashboard
  Context: {"feature":"useMetricsStream","url":"http://10.10.20.52:3000/api/v1/metrics/stream"}
  Stack: Error: EventSource connection error
    at useMetricsStream.useEffect.connect (http://localhost:3000/_next/static/chunks/app_00kea5c._.js:264:46)

[2026-05-27T21:50:53.207Z] HIGH: EventSource connection error
  URL: http://localhost:3000/v3/dashboard
  Context: {"feature":"useMetricsStream","url":"http://10.10.20.52:3000/api/v3/metrics/stream"}
  Stack: Error: EventSource connection error
    at useMetricsStream.useEffect.connect (http://localhost:3000/_next/static/chunks/app_00kea5c._.js:264:46)

[2026-05-27T21:51:16.271Z] HIGH: EventSource connection error
  URL: http://localhost:3000/v3/dashboard
  Context: {"feature":"useMetricsStream","url":"http://10.10.20.52:3000/api/v3/metrics/stream"}
  Stack: Error: EventSource connection error
    at useMetricsStream.useEffect.connect (http://localhost:3000/_next/static/chunks/app_00kea5c._.js:264:46)

[2026-05-27T21:51:41.341Z] HIGH: EventSource connection error
  URL: http://localhost:3000/v1/dashboard
  Context: {"feature":"useMetricsStream","url":"http://10.10.20.52:3000/api/v1/metrics/stream"}
  Stack: Error: EventSource connection error
    at useMetricsStream.useEffect.connect (http://localhost:3000/_next/static/chunks/app_00kea5c._.js:264:46)

[2026-05-27T21:51:47.284Z] HIGH: EventSource connection error
  URL: http://localhost:3000/v1/dashboard
  Context: {"feature":"useMetricsStream","url":"http://10.10.20.52:3000/api/v1/metrics/stream"}
  Stack: Error: EventSource connection error
    at useMetricsStream.useEffect.connect (http://localhost:3000/_next/static/chunks/app_00kea5c._.js:264:46)

[2026-05-27T21:52:04.401Z] HIGH: EventSource connection error
  URL: http://localhost:3000/v1/dashboard
  Context: {"feature":"useMetricsStream","url":"http://10.10.20.52:3000/api/v1/metrics/stream"}
  Stack: Error: EventSource connection error
    at useMetricsStream.useEffect.connect (http://localhost:3000/_next/static/chunks/app_00kea5c._.js:264:46)

[2026-05-27T21:52:34.304Z] HIGH: EventSource connection error
  URL: http://localhost:3000/v1/dashboard
  Context: {"feature":"useMetricsStream","url":"http://10.10.20.52:3000/api/v1/metrics/stream"}
  Stack: Error: EventSource connection error
    at useMetricsStream.useEffect.connect (http://localhost:3000/_next/static/chunks/app_00kea5c._.js:264:46)

[2026-05-27T21:53:12.301Z] HIGH: EventSource connection error
  URL: http://localhost:3000/v1/dashboard
  Context: {"feature":"useMetricsStream","url":"http://10.10.20.52:3000/api/v1/metrics/stream"}
  Stack: Error: EventSource connection error
    at useMetricsStream.useEffect.connect (http://localhost:3000/_next/static/chunks/app_00kea5c._.js:264:46)

[2026-05-27T21:53:12.303Z] HIGH: Max reconnection attempts reached
  URL: http://localhost:3000/v1/dashboard
  Context: {"feature":"useMetricsStream","url":"http://10.10.20.52:3000/api/v1/metrics/stream","attempts":5}
  Stack: Error: Max reconnection attempts reached
    at useMetricsStream.useEffect.connect (http://localhost:3000/_next/static/chunks/app_00kea5c._.js:280:50)

[2026-05-27T21:55:14.689Z] HIGH: EventSource connection error
  URL: http://localhost:3000/v1/dashboard
  Context: {"feature":"useMetricsStream","url":"http://10.10.20.52:3000/api/v1/metrics/stream"}
  Stack: Error: EventSource connection error
    at useMetricsStream.useEffect.connect (http://localhost:3000/_next/static/chunks/app_00kea5c._.js:264:46)

[2026-05-27T21:55:19.260Z] HIGH: EventSource connection error
  URL: http://localhost:3000/v1/dashboard
  Context: {"feature":"useMetricsStream","url":"http://10.10.20.52:3000/api/v1/metrics/stream"}
  Stack: Error: EventSource connection error
    at useMetricsStream.useEffect.connect (http://localhost:3000/_next/static/chunks/app_00kea5c._.js:264:46)

[2026-05-27T21:55:26.252Z] HIGH: EventSource connection error
  URL: http://localhost:3000/v1/dashboard
  Context: {"feature":"useMetricsStream","url":"http://10.10.20.52:3000/api/v1/metrics/stream"}
  Stack: Error: EventSource connection error
    at useMetricsStream.useEffect.connect (http://localhost:3000/_next/static/chunks/app_00kea5c._.js:264:46)

[2026-05-27T21:55:37.769Z] HIGH: EventSource connection error
  URL: http://localhost:3000/v1/dashboard
  Context: {"feature":"useMetricsStream","url":"http://10.10.20.52:3000/api/v1/metrics/stream"}
  Stack: Error: EventSource connection error
    at useMetricsStream.useEffect.connect (http://localhost:3000/_next/static/chunks/app_00kea5c._.js:264:46)

[2026-05-27T21:55:56.313Z] HIGH: EventSource connection error
  URL: http://localhost:3000/v1/dashboard
  Context: {"feature":"useMetricsStream","url":"http://10.10.20.52:3000/api/v1/metrics/stream"}
  Stack: Error: EventSource connection error
    at useMetricsStream.useEffect.connect (http://localhost:3000/_next/static/chunks/app_00kea5c._.js:264:46)

[2026-05-27T21:55:56.314Z] HIGH: Max reconnection attempts reached
  URL: http://localhost:3000/v1/dashboard
  Context: {"feature":"useMetricsStream","url":"http://10.10.20.52:3000/api/v1/metrics/stream","attempts":5}
  Stack: Error: Max reconnection attempts reached
    at useMetricsStream.useEffect.connect (http://localhost:3000/_next/static/chunks/app_00kea5c._.js:280:50)

[2026-05-27T21:59:20.364Z] HIGH: EventSource connection error
  URL: http://localhost:3000/v1/dashboard
  Context: {"feature":"useMetricsStream","url":"http://10.10.20.52:3000/api/v1/metrics/stream"}
  Stack: Error: EventSource connection error
    at useMetricsStream.useEffect.connect (http://localhost:3000/_next/static/chunks/app_00kea5c._.js:264:46)

[2026-05-27T21:59:37.341Z] HIGH: EventSource connection error
  URL: http://localhost:3000/v3/dashboard
  Context: {"feature":"useMetricsStream","url":"http://10.10.20.52:3000/api/v3/metrics/stream"}
  Stack: Error: EventSource connection error
    at useMetricsStream.useEffect.connect (http://localhost:3000/_next/static/chunks/app_00kea5c._.js:264:46)

[2026-05-27T21:59:43.420Z] HIGH: EventSource connection error
  URL: http://localhost:3000/v3/dashboard
  Context: {"feature":"useMetricsStream","url":"http://10.10.20.52:3000/api/v3/metrics/stream"}
  Stack: Error: EventSource connection error
    at useMetricsStream.useEffect.connect (http://localhost:3000/_next/static/chunks/app_00kea5c._.js:264:46)

[2026-05-27T21:59:51.375Z] HIGH: EventSource connection error
  URL: http://localhost:3000/v3/dashboard
  Context: {"feature":"useMetricsStream","url":"http://10.10.20.52:3000/api/v3/metrics/stream"}
  Stack: Error: EventSource connection error
    at useMetricsStream.useEffect.connect (http://localhost:3000/_next/static/chunks/app_00kea5c._.js:264:46)

[2026-05-27T22:00:00.382Z] HIGH: EventSource connection error
  URL: http://localhost:3000/v3/dashboard
  Context: {"feature":"useMetricsStream","url":"http://10.10.20.52:3000/api/v3/metrics/stream"}
  Stack: Error: EventSource connection error
    at useMetricsStream.useEffect.connect (http://localhost:3000/_next/static/chunks/app_00kea5c._.js:264:46)

[2026-05-27T22:00:20.414Z] HIGH: EventSource connection error
  URL: http://localhost:3000/v3/dashboard
  Context: {"feature":"useMetricsStream","url":"http://10.10.20.52:3000/api/v3/metrics/stream"}
  Stack: Error: EventSource connection error
    at useMetricsStream.useEffect.connect (http://localhost:3000/_next/static/chunks/app_00kea5c._.js:264:46)

[2026-05-27T22:00:20.415Z] HIGH: Max reconnection attempts reached
  URL: http://localhost:3000/v3/dashboard
  Context: {"feature":"useMetricsStream","url":"http://10.10.20.52:3000/api/v3/metrics/stream","attempts":5}
  Stack: Error: Max reconnection attempts reached
    at useMetricsStream.useEffect.connect (http://localhost:3000/_next/static/chunks/app_00kea5c._.js:280:50)

